\BOOKMARK [1][-]{section.1}{.}{}% 1
\BOOKMARK [1][-]{section.2}{ \040 \040.}{}% 2
\BOOKMARK [2][-]{subsection.2.1}{ \040.}{section.2}% 3
\BOOKMARK [2][-]{subsection.2.2}{ \040 .}{section.2}% 4
\BOOKMARK [2][-]{subsection.2.3}{ \040 \040 . \040 \040 \040.}{section.2}% 5
\BOOKMARK [1][-]{section.3}{ \040 \040.}{}% 6
\BOOKMARK [2][-]{subsection.3.1}{ \040.}{section.3}% 7
\BOOKMARK [2][-]{subsection.3.2}{ \040 .}{section.3}% 8
\BOOKMARK [2][-]{subsection.3.3}{ \040.}{section.3}% 9
\BOOKMARK [2][-]{subsection.3.4}{ \040 \040 \040.}{section.3}% 10
\BOOKMARK [1][-]{section.4}{ \040 \(RNN\).}{}% 11
\BOOKMARK [2][-]{subsection.4.1}{ \040 \040 .}{section.4}% 12
\BOOKMARK [2][-]{subsection.4.2}{ \040 .}{section.4}% 13
\BOOKMARK [1][-]{section.5}{ \040 \040 \040 \040 , \040 .}{}% 14
\BOOKMARK [2][-]{subsection.5.1}{ \040 \040 \040 , \040 \040 \040.}{section.5}% 15
\BOOKMARK [2][-]{subsection.5.2}{ \040 \040 , \040 \040 \040.}{section.5}% 16
\BOOKMARK [1][-]{section.6}{ \040 \040 \040.}{}% 17
\BOOKMARK [2][-]{subsection.6.1}{ \040 \040 \040.}{section.6}% 18
\BOOKMARK [3][-]{subsubsection.6.1.1}{ \040 .}{subsection.6.1}% 19
\BOOKMARK [3][-]{subsubsection.6.1.2}{ \040 \040 \040 .}{subsection.6.1}% 20
\BOOKMARK [3][-]{subsubsection.6.1.3}{ \040 \040 \040 .}{subsection.6.1}% 21
\BOOKMARK [2][-]{subsection.6.2}{ \040 \040 \040.}{section.6}% 22
\BOOKMARK [3][-]{subsubsection.6.2.1}{ \040 .}{subsection.6.2}% 23
\BOOKMARK [3][-]{subsubsection.6.2.2}{ \040 \040 \040 .}{subsection.6.2}% 24
\BOOKMARK [3][-]{subsubsection.6.2.3}{ \040 \040 \040 .}{subsection.6.2}% 25
\BOOKMARK [1][-]{section.7}{.}{}% 26
\BOOKMARK [1][-]{section.8}{ }{}% 27
